<?xml version="1.0" encoding="UTF-8"?>
<testsuite xmlns:xsi="http://www.w3.org/2001/XMLSchema-instance" xsi:noNamespaceSchemaLocation="https://maven.apache.org/surefire/maven-surefire-plugin/xsd/surefire-test-report.xsd" name="org.qingzhouyun.modules.gov.security.SqlPlanRewriterTest" time="0.676" tests="5" errors="0" skipped="0" failures="0">
  <properties>
[...]
</properties>
  <testcase name="explicitMaskedColumnIsRewritten" classname="org.qingzhouyun.modules.gov.security.SqlPlanRewriterTest" time="0.614"/>
  <testcase name="phoneRuleRewritesConcat" classname="org.qingzhouyun.modules.gov.security.SqlPlanRewriterTest" time="0.02"/>
  <testcase name="selectStarUnderRuleFallsBack" classname="org.qingzhouyun.modules.gov.security.SqlPlanRewriterTest" time="0.003"/>
  <testcase name="nonMaskedColumnKeepsOriginalSelect" classname="org.qingzhouyun.modules.gov.security.SqlPlanRewriterTest" time="0.003"/>
  <testcase name="noRulesReturnsEmpty" classname="org.qingzhouyun.modules.gov.security.SqlPlanRewriterTest" time="0.004"/>
</testsuite>